<?xml version="1.0" encoding="UTF-8"?>
<testng-results skipped="0" failed="0" total="1" passed="1">
  <reporter-output>
    <line>
      <![CDATA[Mozilla is envoked]]>
    </line>
    <line>
      <![CDATA[URL is http://111.125.141.74:8086/VaticaHealth.Web.UI/]]>
    </line>
  </reporter-output>
  <suite name="Default suite" duration-ms="106181" started-at="2017-01-10T17:59:22Z" finished-at="2017-01-10T18:01:08Z">
    <groups>
    </groups>
    <test name="Default test" duration-ms="106181" started-at="2017-01-10T17:59:22Z" finished-at="2017-01-10T18:01:08Z">
      <class name="com.vaticahealth.vatica.testsuits.SmokeTest2">
        <test-method status="PASS" signature="invokeUrl()[pri:0, instance:com.vaticahealth.vatica.testsuits.SmokeTest2@b06251]" name="invokeUrl" is-config="true" duration-ms="2922" started-at="2017-01-10T23:29:22Z" finished-at="2017-01-10T23:29:25Z">
          <reporter-output>
            <line>
              <![CDATA[URL is http://111.125.141.74:8086/VaticaHealth.Web.UI/]]>
            </line>
          </reporter-output>
        </test-method> <!-- invokeUrl -->
        <test-method status="PASS" signature="test1()[pri:1, instance:com.vaticahealth.vatica.testsuits.SmokeTest2@b06251]" name="test1" duration-ms="103231" started-at="2017-01-10T23:29:25Z" finished-at="2017-01-10T23:31:08Z">
          <reporter-output>
          </reporter-output>
        </test-method> <!-- test1 -->
      </class> <!-- com.vaticahealth.vatica.testsuits.SmokeTest2 -->
    </test> <!-- Default test -->
  </suite> <!-- Default suite -->
</testng-results>
