<?xml version="1.0" encoding="UTF-8"?>
<testng-results skipped="0" failed="0" total="1" passed="1">
  <reporter-output>
    <line>
      <![CDATA[Mozilla is envoked]]>
    </line>
    <line>
      <![CDATA[URL is http://111.125.141.74:8086/VaticaHealth.Web.UI/]]>
    </line>
  </reporter-output>
  <suite name="Default suite" duration-ms="102658" started-at="2017-01-09T18:14:52Z" finished-at="2017-01-09T18:16:34Z">
    <groups>
    </groups>
    <test name="Default test" duration-ms="102658" started-at="2017-01-09T18:14:52Z" finished-at="2017-01-09T18:16:34Z">
      <class name="com.vaticahealth.vatica.testsuits.SmokeTest2">
        <test-method status="PASS" signature="invokeUrl()[pri:0, instance:com.vaticahealth.vatica.testsuits.SmokeTest2@341814d3]" name="invokeUrl" is-config="true" duration-ms="2580" started-at="2017-01-09T23:44:52Z" finished-at="2017-01-09T23:44:54Z">
          <reporter-output>
            <line>
              <![CDATA[URL is http://111.125.141.74:8086/VaticaHealth.Web.UI/]]>
            </line>
          </reporter-output>
        </test-method> <!-- invokeUrl -->
        <test-method status="PASS" signature="test1()[pri:1, instance:com.vaticahealth.vatica.testsuits.SmokeTest2@341814d3]" name="test1" duration-ms="100050" started-at="2017-01-09T23:44:54Z" finished-at="2017-01-09T23:46:34Z">
          <reporter-output>
          </reporter-output>
        </test-method> <!-- test1 -->
      </class> <!-- com.vaticahealth.vatica.testsuits.SmokeTest2 -->
    </test> <!-- Default test -->
  </suite> <!-- Default suite -->
</testng-results>
